2018/06/25 01:21:25 client.go:25: [CLIENT] Start talking with the server: 
2018/06/25 01:26:08 client.go:67: [CLIENT] Disconnecting: interrupt
2018/06/25 01:26:08 client.go:69: Done.
2018/06/25 01:29:37 client.go:25: [CLIENT] Start talking with the server: 
2018/06/25 01:30:13 client.go:25: [CLIENT] Start talking with the server: 
2018/06/25 01:31:29 client.go:67: [CLIENT] Disconnecting: interrupt
2018/06/25 01:31:29 client.go:69: Done.
2018/06/25 01:31:31 client.go:67: [CLIENT] Disconnecting: interrupt
2018/06/25 01:31:31 client.go:69: Done.
2018/06/25 01:31:37 client.go:25: [CLIENT] Start talking with the server: 
2018/06/25 01:31:39 client.go:67: [CLIENT] Disconnecting: interrupt
2018/06/25 01:31:39 client.go:69: Done.
2018/06/23 14:52:18 client.go:25: [CLIENT] Start talking with the server: 
2018/06/23 14:52:21 client.go:53: [CLIENT] ERROR: Maybe the server went offline: Please check :  EOF
2018/06/23 14:53:06 client.go:67: [CLIENT] Disconnecting: interrupt
2018/06/23 14:53:06 client.go:69: Done.
2018/06/23 14:53:06 client.go:25: [CLIENT] Start talking with the server: 
2018/06/23 14:53:09 client.go:53: [CLIENT] ERROR: Maybe the server went offline: Please check :  EOF
2018/06/23 14:54:06 client.go:67: [CLIENT] Disconnecting: interrupt
2018/06/23 14:54:06 client.go:69: Done.
2018/06/23 14:54:25 client.go:25: [CLIENT] Start talking with the server: 
2018/06/23 14:54:31 client.go:53: [CLIENT] ERROR: Maybe the server went offline: Please check :  EOF
2018/06/23 14:54:40 client.go:67: [CLIENT] Disconnecting: interrupt
2018/06/23 14:54:40 client.go:69: Done.
2018/06/26 19:19:33 client.go:25: [CLIENT] Start talking with the server: 
2018/06/25 13:46:28 client.go:25: [CLIENT] Start talking with the server: 
2018/06/25 13:47:24 client.go:67: [CLIENT] Disconnecting: interrupt
2018/06/25 13:47:24 client.go:69: Done.
<<<<<<< HEAD
2018/06/26 11:37:40 client.go:25: [CLIENT] Start talking with the server: 
2018/06/26 11:37:54 client.go:53: [CLIENT] ERROR: Maybe the server went offline: Please check :  EOF
2018/06/26 11:38:26 client.go:67: [CLIENT] Disconnecting: interrupt
2018/06/26 11:38:26 client.go:69: Done.
2018/06/26 11:38:29 client.go:25: [CLIENT] Start talking with the server: 
2018/06/26 11:41:48 client.go:67: [CLIENT] Disconnecting: interrupt
2018/06/26 11:41:48 client.go:69: Done.
2018/06/26 11:41:55 client.go:25: [CLIENT] Start talking with the server: 
2018/06/26 11:41:57 client.go:67: [CLIENT] Disconnecting: interrupt
2018/06/26 11:41:57 client.go:69: Done.
2018/06/26 11:41:59 client.go:25: [CLIENT] Start talking with the server: 
2018/06/26 11:42:08 client.go:53: [CLIENT] ERROR: Maybe the server went offline: Please check :  EOF
2018/06/26 11:42:11 client.go:67: [CLIENT] Disconnecting: interrupt
2018/06/26 11:42:11 client.go:69: Done.
2018/06/26 12:23:28 client.go:25: [CLIENT] Start talking with the server: 
2018/06/26 12:23:42 client.go:53: [CLIENT] ERROR: Maybe the server went offline: Please check :  EOF
2018/06/26 12:24:52 client.go:67: [CLIENT] Disconnecting: interrupt
2018/06/26 12:24:52 client.go:69: Done.
2018/06/26 12:24:53 client.go:25: [CLIENT] Start talking with the server: 
2018/06/26 12:25:13 client.go:53: [CLIENT] ERROR: Maybe the server went offline: Please check :  EOF
=======
>>>>>>> 901b24a9770c8db635b9f7e2a0188908671ae121
2018/06/27 10:56:18 client.go:25: [CLIENT] Start talking with the server: 
2018/06/27 10:56:44 client.go:53: [CLIENT] ERROR: Maybe the server went offline: Please check :  EOF
2018/06/27 10:59:23 client.go:67: [CLIENT] Disconnecting: interrupt
2018/06/27 10:59:23 client.go:69: Done.
2018/06/27 10:59:43 client.go:25: [CLIENT] Start talking with the server: 
2018/06/27 10:59:45 client.go:53: [CLIENT] ERROR: Maybe the server went offline: Please check :  EOF
2018/06/27 11:17:23 client.go:67: [CLIENT] Disconnecting: interrupt
2018/06/27 11:17:23 client.go:69: Done.
